20:36:51 - matplotlib.pyplot - DEBUG - Loaded backend tkagg version 8.6.
20:44:53 - matplotlib.pyplot - DEBUG - Loaded backend tkagg version 8.6.
20:46:06 - BASE - DEBUG - Initiating Drones...
20:46:06 - root - DEBUG - Plotting Polygon with points:(120.710, 21.930), (120.860, 21.900), (120.890, 22.290), (121.170, 22.750), (121.650, 24.000), (121.870, 24.540), (121.830, 24.840), (122.000, 25.010), (121.550, 25.300), (121.050, 25.024), (120.730, 24.600), (120.180, 23.800), (120.040, 23.100), (120.320, 22.540), 
20:46:06 - root - DEBUG - Plotting Polygon with points:(121.500, 22.080), (121.570, 22.090), (121.570, 22.040), (121.600, 22.020), (121.690, 22.000), (121.540, 22.030), (121.500, 22.060), 
20:46:06 - root - DEBUG - Plotting Polygon with points:(121.470, 22.680), (121.510, 22.680), (121.510, 22.630), (121.470, 22.650), 
20:46:06 - root - DEBUG - Plotting Polygon with points:(119.600, 23.680), (119.680, 23.600), (119.690, 23.560), (119.610, 23.510), (119.470, 23.560), (119.520, 23.650), 
20:46:06 - root - DEBUG - Plotting Polygon with points:(119.490, 23.360), (119.490, 23.390), (119.510, 23.390), (119.510, 23.370), (119.520, 23.370), (119.520, 23.370), (119.510, 23.350), 
20:46:06 - root - DEBUG - Plotting Polygon with points:(119.450, 23.220), (119.430, 23.190), (119.410, 23.210), 
20:46:06 - root - DEBUG - Plotting Polygon with points:(122.930, 24.450), (122.960, 24.470), (123.010, 24.470), (123.040, 24.460), (123.010, 24.440), (122.950, 24.440), 
20:46:06 - root - DEBUG - Plotting Polygon with points:(123.660, 24.310), (123.770, 24.440), (123.939, 24.364), (123.877, 24.257), 
20:46:06 - root - DEBUG - Plotting Polygon with points:(124.071, 24.429), (124.157, 24.454), (124.215, 24.456), (124.311, 24.609), (124.341, 24.602), (124.283, 24.490), (124.244, 24.348), (124.141, 24.327), (124.113, 24.367), (124.142, 24.400), (124.086, 24.418), 
20:46:06 - root - DEBUG - Plotting Polygon with points:(125.136, 24.824), (125.164, 24.865), (125.240, 24.940), (125.463, 24.725), (125.241, 24.716), 
20:46:06 - root - DEBUG - Plotting Polygon with points:(127.656, 26.082), (127.659, 26.218), (127.759, 26.302), (127.714, 26.430), (127.988, 26.577), (127.749, 26.723), (128.099, 26.679), (128.254, 26.868), (128.328, 26.783), (127.950, 26.444), (128.006, 26.394), (127.832, 26.163), 
20:46:06 - root - DEBUG - Plotting Polygon with points:(128.712, 27.437), (128.567, 27.331), (128.520, 27.375), (128.535, 27.405), (128.562, 27.397), 
20:46:06 - root - DEBUG - Plotting Polygon with points:(128.969, 27.894), (128.968, 27.816), (129.037, 27.770), (128.986, 27.671), (128.881, 27.724), 
20:46:06 - root - DEBUG - Plotting Polygon with points:(129.136, 28.249), (129.344, 28.368), (129.686, 28.528), (129.719, 28.439), (129.442, 28.241), (129.476, 28.215), (129.367, 28.112), 
20:46:06 - root - DEBUG - Plotting Polygon with points:(130.375, 30.382), (130.509, 30.450), (130.671, 30.377), (130.563, 30.229), 
20:46:06 - root - DEBUG - Plotting Polygon with points:(130.857, 30.362), (130.945, 30.662), (131.059, 30.832), (131.053, 30.603), 
20:46:06 - root - DEBUG - Plotting Polygon with points:(130.668, 30.998), (131.414, 31.384), (132.004, 32.799), (133.045, 32.720), (134.195, 33.268), (135.780, 33.482), (136.906, 34.269), (138.879, 34.627), (139.963, 34.924), (140.849, 35.698), (142.058, 39.563), (141.465, 41.434), (143.277, 41.926), (145.815, 43.372), (145.220, 43.619), (145.359, 44.347), (144.278, 44.112), (141.927, 45.531), (141.004, 45.456), (141.695, 44.311), (140.333, 43.314), (139.412, 42.132), (140.095, 41.416), (139.855, 40.551), (139.652, 38.730), (138.506, 38.311), (136.770, 37.465), (135.972, 35.973), (132.710, 35.463), (130.876, 34.322), (130.892, 33.935), (129.377, 33.289), (129.784, 32.576), (130.246, 31.258), 
20:46:06 - root - DEBUG - Plotting Polygon with points:(126.111, 34.383), (126.729, 34.284), (128.448, 34.815), (128.640, 34.666), (128.775, 35.056), (129.013, 35.065), (129.601, 36.049), (129.397, 36.123), (129.352, 37.229), (128.357, 38.603), (127.418, 39.227), (129.748, 40.855), (129.635, 41.510), (130.653, 42.301), (129.974, 43.025), (124.128, 39.812), (125.293, 39.507), (124.682, 38.106), (125.372, 37.740), (126.118, 37.732), (126.163, 37.740), (126.672, 36.976), (126.129, 36.777), (126.491, 35.628), (126.129, 34.340), 
20:46:06 - root - DEBUG - Plotting Polygon with points:(126.908, 33.522), (126.852, 33.300), (126.852, 33.300), (126.172, 33.329), (126.312, 33.464), (126.812, 33.568), 
20:46:06 - root - DEBUG - Plotting Polygon with points:(120.035, 15.000), (119.709, 16.256), (119.973, 16.470), (120.190, 16.051), (120.397, 16.175), (120.569, 18.483), (120.863, 18.677), (121.936, 18.270), (122.174, 18.597), (122.455, 17.125), (121.499, 15.000), 
20:46:28 - matplotlib.pyplot - DEBUG - Loaded backend tkagg version 8.6.
20:47:05 - BASE - DEBUG - Initiating Drones...
20:47:05 - root - DEBUG - Plotting Polygon with points:(120.710, 21.930), (120.860, 21.900), (120.890, 22.290), (121.170, 22.750), (121.650, 24.000), (121.870, 24.540), (121.830, 24.840), (122.000, 25.010), (121.550, 25.300), (121.050, 25.024), (120.730, 24.600), (120.180, 23.800), (120.040, 23.100), (120.320, 22.540), 
20:47:05 - root - DEBUG - Plotting Polygon with points:(121.500, 22.080), (121.570, 22.090), (121.570, 22.040), (121.600, 22.020), (121.690, 22.000), (121.540, 22.030), (121.500, 22.060), 
20:47:05 - root - DEBUG - Plotting Polygon with points:(121.470, 22.680), (121.510, 22.680), (121.510, 22.630), (121.470, 22.650), 
20:47:05 - root - DEBUG - Plotting Polygon with points:(119.600, 23.680), (119.680, 23.600), (119.690, 23.560), (119.610, 23.510), (119.470, 23.560), (119.520, 23.650), 
20:47:05 - root - DEBUG - Plotting Polygon with points:(119.490, 23.360), (119.490, 23.390), (119.510, 23.390), (119.510, 23.370), (119.520, 23.370), (119.520, 23.370), (119.510, 23.350), 
20:47:05 - root - DEBUG - Plotting Polygon with points:(119.450, 23.220), (119.430, 23.190), (119.410, 23.210), 
20:47:05 - root - DEBUG - Plotting Polygon with points:(122.930, 24.450), (122.960, 24.470), (123.010, 24.470), (123.040, 24.460), (123.010, 24.440), (122.950, 24.440), 
20:47:05 - root - DEBUG - Plotting Polygon with points:(123.660, 24.310), (123.770, 24.440), (123.939, 24.364), (123.877, 24.257), 
20:47:05 - root - DEBUG - Plotting Polygon with points:(124.071, 24.429), (124.157, 24.454), (124.215, 24.456), (124.311, 24.609), (124.341, 24.602), (124.283, 24.490), (124.244, 24.348), (124.141, 24.327), (124.113, 24.367), (124.142, 24.400), (124.086, 24.418), 
20:47:05 - root - DEBUG - Plotting Polygon with points:(125.136, 24.824), (125.164, 24.865), (125.240, 24.940), (125.463, 24.725), (125.241, 24.716), 
20:47:05 - root - DEBUG - Plotting Polygon with points:(127.656, 26.082), (127.659, 26.218), (127.759, 26.302), (127.714, 26.430), (127.988, 26.577), (127.749, 26.723), (128.099, 26.679), (128.254, 26.868), (128.328, 26.783), (127.950, 26.444), (128.006, 26.394), (127.832, 26.163), 
20:47:05 - root - DEBUG - Plotting Polygon with points:(128.712, 27.437), (128.567, 27.331), (128.520, 27.375), (128.535, 27.405), (128.562, 27.397), 
20:47:05 - root - DEBUG - Plotting Polygon with points:(128.969, 27.894), (128.968, 27.816), (129.037, 27.770), (128.986, 27.671), (128.881, 27.724), 
20:47:05 - root - DEBUG - Plotting Polygon with points:(129.136, 28.249), (129.344, 28.368), (129.686, 28.528), (129.719, 28.439), (129.442, 28.241), (129.476, 28.215), (129.367, 28.112), 
20:47:05 - root - DEBUG - Plotting Polygon with points:(130.375, 30.382), (130.509, 30.450), (130.671, 30.377), (130.563, 30.229), 
20:47:05 - root - DEBUG - Plotting Polygon with points:(130.857, 30.362), (130.945, 30.662), (131.059, 30.832), (131.053, 30.603), 
20:47:05 - root - DEBUG - Plotting Polygon with points:(130.668, 30.998), (131.414, 31.384), (132.004, 32.799), (133.045, 32.720), (134.195, 33.268), (135.780, 33.482), (136.906, 34.269), (138.879, 34.627), (139.963, 34.924), (140.849, 35.698), (142.058, 39.563), (141.465, 41.434), (143.277, 41.926), (145.815, 43.372), (145.220, 43.619), (145.359, 44.347), (144.278, 44.112), (141.927, 45.531), (141.004, 45.456), (141.695, 44.311), (140.333, 43.314), (139.412, 42.132), (140.095, 41.416), (139.855, 40.551), (139.652, 38.730), (138.506, 38.311), (136.770, 37.465), (135.972, 35.973), (132.710, 35.463), (130.876, 34.322), (130.892, 33.935), (129.377, 33.289), (129.784, 32.576), (130.246, 31.258), 
20:47:05 - root - DEBUG - Plotting Polygon with points:(126.111, 34.383), (126.729, 34.284), (128.448, 34.815), (128.640, 34.666), (128.775, 35.056), (129.013, 35.065), (129.601, 36.049), (129.397, 36.123), (129.352, 37.229), (128.357, 38.603), (127.418, 39.227), (129.748, 40.855), (129.635, 41.510), (130.653, 42.301), (129.974, 43.025), (124.128, 39.812), (125.293, 39.507), (124.682, 38.106), (125.372, 37.740), (126.118, 37.732), (126.163, 37.740), (126.672, 36.976), (126.129, 36.777), (126.491, 35.628), (126.129, 34.340), 
20:47:05 - root - DEBUG - Plotting Polygon with points:(126.908, 33.522), (126.852, 33.300), (126.852, 33.300), (126.172, 33.329), (126.312, 33.464), (126.812, 33.568), 
20:47:05 - root - DEBUG - Plotting Polygon with points:(120.035, 15.000), (119.709, 16.256), (119.973, 16.470), (120.190, 16.051), (120.397, 16.175), (120.569, 18.483), (120.863, 18.677), (121.936, 18.270), (122.174, 18.597), (122.455, 17.125), (121.499, 15.000), 
